# JRE version: Java(TM) SE Runtime Environment (8.0_411) (build 1.8.0_411-b09)
# Java VM: Java HotSpot(TM) 64-Bit Server VM (25.411-b09 mixed mode windows-amd64 compressed oops)
Heap:
 PSYoungGen      total 328704K, used 165910K [0x000000076b800000, 0x0000000781380000, 0x00000007c0000000)
  eden space 309760K, 48% used [0x000000076b800000,0x0000000774a60a08,0x000000077e680000)
  from space 18944K, 84% used [0x0000000780100000,0x00000007810a4e50,0x0000000781380000)
  to   space 23040K, 0% used [0x000000077e680000,0x000000077e680000,0x000000077fd00000)
 ParOldGen       total 97792K, used 16144K [0x00000006c2800000, 0x00000006c8780000, 0x000000076b800000)
  object space 97792K, 16% used [0x00000006c2800000,0x00000006c37c4128,0x00000006c8780000)
 Metaspace       used 23798K, capacity 24139K, committed 24576K, reserved 1071104K
  class space    used 2879K, capacity 2965K, committed 3072K, reserved 1048576K
GC Heap History (10 events):
Event: 18.885 GC heap before
{Heap before GC invocations=7 (full 1):
 PSYoungGen      total 104960K, used 98249K [0x000000076b800000, 0x0000000774c00000, 0x00000007c0000000)
  eden space 94208K, 100% used [0x000000076b800000,0x0000000771400000,0x0000000771400000)
  from space 10752K, 37% used [0x0000000771400000,0x00000007717f24a0,0x0000000771e80000)
  to   space 9728K, 0% used [0x0000000774280000,0x0000000774280000,0x0000000774c00000)
 ParOldGen       total 97792K, used 6703K [0x00000006c2800000, 0x00000006c8780000, 0x000000076b800000)
  object space 97792K, 6% used [0x00000006c2800000,0x00000006c2e8bd10,0x00000006c8780000)
 Metaspace       used 22918K, capacity 23275K, committed 23680K, reserved 1071104K
  class space    used 2833K, capacity 2933K, committed 2944K, reserved 1048576K
Event: 18.892 GC heap after
Heap after GC invocations=7 (full 1):
 PSYoungGen      total 140288K, used 9098K [0x000000076b800000, 0x0000000776200000, 0x00000007c0000000)
  eden space 130560K, 0% used [0x000000076b800000,0x000000076b800000,0x0000000773780000)
  from space 9728K, 93% used [0x0000000774280000,0x0000000774b62b08,0x0000000774c00000)
  to   space 11264K, 0% used [0x0000000773780000,0x0000000773780000,0x0000000774280000)
 ParOldGen       total 97792K, used 6711K [0x00000006c2800000, 0x00000006c8780000, 0x000000076b800000)
  object space 97792K, 6% used [0x00000006c2800000,0x00000006c2e8dd10,0x00000006c8780000)
 Metaspace       used 22918K, capacity 23275K, committed 23680K, reserved 1071104K
  class space    used 2833K, capacity 2933K, committed 2944K, reserved 1048576K
}
Event: 19.104 GC heap before
{Heap before GC invocations=8 (full 1):
 PSYoungGen      total 140288K, used 139658K [0x000000076b800000, 0x0000000776200000, 0x00000007c0000000)
  eden space 130560K, 100% used [0x000000076b800000,0x0000000773780000,0x0000000773780000)
  from space 9728K, 93% used [0x0000000774280000,0x0000000774b62b08,0x0000000774c00000)
  to   space 11264K, 0% used [0x0000000773780000,0x0000000773780000,0x0000000774280000)
 ParOldGen       total 97792K, used 6711K [0x00000006c2800000, 0x00000006c8780000, 0x000000076b800000)
  object space 97792K, 6% used [0x00000006c2800000,0x00000006c2e8dd10,0x00000006c8780000)
 Metaspace       used 22928K, capacity 23339K, committed 23680K, reserved 1071104K
  class space    used 2833K, capacity 2933K, committed 2944K, reserved 1048576K
Event: 19.111 GC heap after
Heap after GC invocations=8 (full 1):
 PSYoungGen      total 141824K, used 11245K [0x000000076b800000, 0x000000077b000000, 0x00000007c0000000)
  eden space 130560K, 0% used [0x000000076b800000,0x000000076b800000,0x0000000773780000)
  from space 11264K, 99% used [0x0000000773780000,0x000000077427b7a0,0x0000000774280000)
  to   space 16384K, 0% used [0x000000077a000000,0x000000077a000000,0x000000077b000000)
 ParOldGen       total 97792K, used 12791K [0x00000006c2800000, 0x00000006c8780000, 0x000000076b800000)
  object space 97792K, 13% used [0x00000006c2800000,0x00000006c347dd10,0x00000006c8780000)
 Metaspace       used 22928K, capacity 23339K, committed 23680K, reserved 1071104K
  class space    used 2833K, capacity 2933K, committed 2944K, reserved 1048576K
}
Event: 19.273 GC heap before
{Heap before GC invocations=9 (full 1):
 PSYoungGen      total 141824K, used 141805K [0x000000076b800000, 0x000000077b000000, 0x00000007c0000000)
  eden space 130560K, 100% used [0x000000076b800000,0x0000000773780000,0x0000000773780000)
  from space 11264K, 99% used [0x0000000773780000,0x000000077427b7a0,0x0000000774280000)
  to   space 16384K, 0% used [0x000000077a000000,0x000000077a000000,0x000000077b000000)
 ParOldGen       total 97792K, used 12791K [0x00000006c2800000, 0x00000006c8780000, 0x000000076b800000)
  object space 97792K, 13% used [0x00000006c2800000,0x00000006c347dd10,0x00000006c8780000)
 Metaspace       used 22939K, capacity 23339K, committed 23680K, reserved 1071104K
  class space    used 2833K, capacity 2933K, committed 2944K, reserved 1048576K
Event: 19.280 GC heap after
Heap after GC invocations=9 (full 1):
 PSYoungGen      total 235008K, used 15315K [0x000000076b800000, 0x000000077bc80000, 0x00000007c0000000)
  eden space 218624K, 0% used [0x000000076b800000,0x000000076b800000,0x0000000778d80000)
  from space 16384K, 93% used [0x000000077a000000,0x000000077aef4df0,0x000000077b000000)
  to   space 18944K, 0% used [0x0000000778d80000,0x0000000778d80000,0x000000077a000000)
 ParOldGen       total 97792K, used 12799K [0x00000006c2800000, 0x00000006c8780000, 0x000000076b800000)
  object space 97792K, 13% used [0x00000006c2800000,0x00000006c347fd10,0x00000006c8780000)
 Metaspace       used 22939K, capacity 23339K, committed 23680K, reserved 1071104K
  class space    used 2833K, capacity 2933K, committed 2944K, reserved 1048576K
}
Event: 19.973 GC heap before
{Heap before GC invocations=10 (full 1):
 PSYoungGen      total 235008K, used 233939K [0x000000076b800000, 0x000000077bc80000, 0x00000007c0000000)
  eden space 218624K, 100% used [0x000000076b800000,0x0000000778d80000,0x0000000778d80000)
  from space 16384K, 93% used [0x000000077a000000,0x000000077aef4df0,0x000000077b000000)
  to   space 18944K, 0% used [0x0000000778d80000,0x0000000778d80000,0x000000077a000000)
 ParOldGen       total 97792K, used 12799K [0x00000006c2800000, 0x00000006c8780000, 0x000000076b800000)
  object space 97792K, 13% used [0x00000006c2800000,0x00000006c347fd10,0x00000006c8780000)
 Metaspace       used 23104K, capacity 23467K, committed 23680K, reserved 1071104K
  class space    used 2840K, capacity 2933K, committed 2944K, reserved 1048576K
Event: 19.981 GC heap after
Heap after GC invocations=10 (full 1):
 PSYoungGen      total 237568K, used 18053K [0x000000076b800000, 0x0000000781680000, 0x00000007c0000000)
  eden space 218624K, 0% used [0x000000076b800000,0x000000076b800000,0x0000000778d80000)
  from space 18944K, 95% used [0x0000000778d80000,0x0000000779f21650,0x000000077a000000)
  to   space 22016K, 0% used [0x0000000780100000,0x0000000780100000,0x0000000781680000)
 ParOldGen       total 97792K, used 13607K [0x00000006c2800000, 0x00000006c8780000, 0x000000076b800000)
  object space 97792K, 13% used [0x00000006c2800000,0x00000006c3549d70,0x00000006c8780000)
 Metaspace       used 23104K, capacity 23467K, committed 23680K, reserved 1071104K
  class space    used 2840K, capacity 2933K, committed 2944K, reserved 1048576K
}
Event: 21.803 GC heap before
{Heap before GC invocations=11 (full 1):
 PSYoungGen      total 237568K, used 236677K [0x000000076b800000, 0x0000000781680000, 0x00000007c0000000)
  eden space 218624K, 100% used [0x000000076b800000,0x0000000778d80000,0x0000000778d80000)
  from space 18944K, 95% used [0x0000000778d80000,0x0000000779f21650,0x000000077a000000)
  to   space 22016K, 0% used [0x0000000780100000,0x0000000780100000,0x0000000781680000)
 ParOldGen       total 97792K, used 13607K [0x00000006c2800000, 0x00000006c8780000, 0x000000076b800000)
  object space 97792K, 13% used [0x00000006c2800000,0x00000006c3549d70,0x00000006c8780000)
 Metaspace       used 23143K, capacity 23467K, committed 23680K, reserved 1071104K
  class space    used 2840K, capacity 2933K, committed 2944K, reserved 1048576K
Event: 21.812 GC heap after
Heap after GC invocations=11 (full 1):
 PSYoungGen      total 328704K, used 16019K [0x000000076b800000, 0x0000000781380000, 0x00000007c0000000)
  eden space 309760K, 0% used [0x000000076b800000,0x000000076b800000,0x000000077e680000)
  from space 18944K, 84% used [0x0000000780100000,0x00000007810a4e50,0x0000000781380000)
  to   space 23040K, 0% used [0x000000077e680000,0x000000077e680000,0x000000077fd00000)
 ParOldGen       total 97792K, used 16144K [0x00000006c2800000, 0x00000006c8780000, 0x000000076b800000)
  object space 97792K, 16% used [0x00000006c2800000,0x00000006c37c4128,0x00000006c8780000)
 Metaspace       used 23143K, capacity 23467K, committed 23680K, reserved 1071104K
  class space    used 2840K, capacity 2933K, committed 2944K, reserved 1048576K
}

